2026-01-18T12:15:26.025Z [INFO]: # Build environment configured with Standard build compute type: 8GiB Memory, 4vCPUs, 128GB Disk Space
2026-01-18T12:15:26.367Z [INFO]: # Retrieving Git provider SSH public keys
2026-01-18T12:15:32.396Z [INFO]: # Successfully retrieved Git provider SSH public keys
2026-01-18T12:15:32.480Z [INFO]: # Cloning repository: git@github.com:hykwon-dot/lira-repo.git
2026-01-18T12:15:41.654Z [INFO]: Agent pid 462
2026-01-18T12:15:41.762Z [INFO]: Identity added: /root/.ssh/git_rsa (/root/.ssh/git_rsa)
                                 Cloning into 'lira-repo'...
2026-01-18T12:15:41.763Z [INFO]: # Checking for Git submodules at: /codebuild/output/src1782165569/src/lira-repo/.gitmodules
2026-01-18T12:15:41.770Z [INFO]: # Retrieving environment cache...
2026-01-18T12:15:41.812Z [WARNING]: ! Unable to write cache: {"code":"ERR_BAD_REQUEST","message":"Request failed with status code 404"})}
2026-01-18T12:15:41.813Z [INFO]: ---- Setting Up SSM Secrets ----
2026-01-18T12:15:41.813Z [INFO]: SSM params {"Path":"/amplify/d3kxzr6pm5xk2e/main/","WithDecryption":true}
2026-01-18T12:15:41.865Z [WARNING]: !Failed to set up process.env.secrets
2026-01-18T12:15:42.345Z [INFO]: # No package override configuration found.
2026-01-18T12:15:42.351Z [INFO]: # Retrieving cache...
2026-01-18T12:15:56.019Z [INFO]: # Extracting cache...
2026-01-18T12:16:06.601Z [INFO]: # Extraction completed
2026-01-18T12:16:06.831Z [INFO]: # Retrieved cache
2026-01-18T12:16:12.115Z [INFO]: ## Starting Backend Build
                                 ## Checking for associated backend environment...
                                 ## No backend environment association found, continuing...
                                 ## Completed Backend Build
2026-01-18T12:16:12.120Z [INFO]: ## Starting Frontend Build
2026-01-18T12:16:12.121Z [INFO]: # Starting phase: preBuild
                                 # Executing command: npm ci
2026-01-18T12:16:33.639Z [WARNING]: npm warn deprecated inflight@1.0.6: This module is not supported, and leaks memory. Do not use it. Check out lru-cache if you want a good and tested way to coalesce async requests by a key value, which is much more comprehensive and powerful.
2026-01-18T12:16:33.856Z [WARNING]: npm warn deprecated rimraf@3.0.2: Rimraf versions prior to v4 are no longer supported
2026-01-18T12:16:33.862Z [WARNING]: npm warn deprecated npmlog@6.0.2: This package is no longer supported.
2026-01-18T12:16:33.899Z [WARNING]: npm warn deprecated are-we-there-yet@3.0.1: This package is no longer supported.
2026-01-18T12:16:33.902Z [WARNING]: npm warn deprecated glob@7.2.3: Glob versions prior to v9 are no longer supported
2026-01-18T12:16:33.912Z [WARNING]: npm warn deprecated string-similarity@4.0.4: Package no longer supported. Contact Support at https://www.npmjs.com/support for more info.
2026-01-18T12:16:34.041Z [WARNING]: npm warn deprecated cuid@3.0.0: Cuid and other k-sortable and non-cryptographic ids (Ulid, ObjectId, KSUID, all UUIDs) are all insecure. Use @paralleldrive/cuid2 instead.
2026-01-18T12:16:34.117Z [WARNING]: npm warn deprecated gauge@4.0.4: This package is no longer supported.
2026-01-18T12:16:35.228Z [WARNING]: npm warn deprecated @npmcli/move-file@1.1.2: This functionality has been moved to @npmcli/fs
2026-01-18T12:16:35.577Z [WARNING]: npm warn deprecated @humanwhocodes/object-schema@2.0.3: Use @eslint/object-schema instead
2026-01-18T12:16:35.584Z [WARNING]: npm warn deprecated @humanwhocodes/config-array@0.13.0: Use @eslint/config-array instead
2026-01-18T12:16:36.718Z [WARNING]: npm warn deprecated eslint@8.57.1: This version is no longer supported. Please see https://eslint.org/version-support for other options.
2026-01-18T12:16:52.286Z [INFO]: > test@0.1.0 postinstall
                                 > prisma generate
2026-01-18T12:16:53.080Z [INFO]: Prisma schema loaded from prisma/schema.prisma
2026-01-18T12:16:53.676Z [INFO]: ✔ Generated Prisma Client (v6.10.1) to ./node_modules/@prisma/client in 216ms
                                 Start by importing your Prisma Client (See: https://pris.ly/d/importing-client)
                                 Tip: Want to turn off tips and other hints? https://pris.ly/tip-4-nohints
2026-01-18T12:16:53.699Z [INFO]: added 727 packages, and audited 728 packages in 37s
2026-01-18T12:16:53.699Z [INFO]: 172 packages are looking for funding
                                 run `npm fund` for details
2026-01-18T12:16:53.802Z [INFO]: 18 vulnerabilities (3 low, 3 moderate, 12 high)
                                 To address issues that do not require attention, run:
                                 npm audit fix
                                 To address all issues (including breaking changes), run:
                                 npm audit fix --force
                                 Run `npm audit` for details.
2026-01-18T12:16:53.827Z [INFO]: # Executing command: npx prisma generate
2026-01-18T12:16:55.254Z [INFO]: Prisma schema loaded from prisma/schema.prisma
2026-01-18T12:16:55.836Z [INFO]: ✔ Generated Prisma Client (v6.10.1) to ./node_modules/@prisma/client in 209ms
                                 Start by importing your Prisma Client (See: https://pris.ly/d/importing-client)
                                 Tip: Want to turn off tips and other hints? https://pris.ly/tip-4-nohints
2026-01-18T12:16:55.854Z [INFO]: # Completed phase: preBuild
                                 # Starting phase: build
                                 # Executing command: env | grep -E "OPENAI|DATABASE"
2026-01-18T12:16:55.856Z [INFO]: DATABASE_URL=mysql://admin:LiraStrongPass2025!@lira-db-optimized.ctkse40gyfit.ap-northeast-2.rds.amazonaws.com:3306/lira
                                 OPENAI_API_KEY=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
2026-01-18T12:16:55.856Z [INFO]: # Executing command: npm run build
2026-01-18T12:16:55.951Z [INFO]: > test@0.1.0 build
                                 > prisma generate && next build
2026-01-18T12:16:56.786Z [INFO]: Prisma schema loaded from prisma/schema.prisma
2026-01-18T12:16:57.376Z [INFO]: ✔ Generated Prisma Client (v6.10.1) to ./node_modules/@prisma/client in 213ms
                                 Start by importing your Prisma Client (See: https://pris.ly/d/importing-client)
                                 Tip: Want to turn off tips and other hints? https://pris.ly/tip-4-nohints
2026-01-18T12:16:58.055Z [INFO]: ▲ Next.js 14.2.30
2026-01-18T12:16:58.055Z [INFO]: 
2026-01-18T12:16:58.117Z [INFO]: Creating an optimized production build ...
2026-01-18T12:17:17.854Z [WARNING]: Browserslist: caniuse-lite is outdated. Please run:
                                    npx update-browserslist-db@latest
                                    Why you should do it regularly: https://github.com/browserslist/update-db#readme
2026-01-18T12:17:20.254Z [INFO]: ✓ Compiled successfully
2026-01-18T12:17:20.255Z [INFO]: Skipping validation of types
2026-01-18T12:17:20.255Z [INFO]: Skipping linting
2026-01-18T12:17:20.518Z [INFO]: Collecting page data ...
2026-01-18T12:17:22.251Z [INFO]: Generating static pages (0/41) ...
2026-01-18T12:17:22.435Z [INFO]: [runtime-secrets] Using existing DATABASE_URL from environment.
2026-01-18T12:17:23.072Z [INFO]: Generating static pages (10/41)
2026-01-18T12:17:23.153Z [WARNING]: ⚠ metadataBase property in metadata export is not set for resolving social open graph or twitter images, using "http://localhost:3000". See https://nextjs.org/docs/app/api-reference/functions/generate-metadata#metadatabase
2026-01-18T12:17:23.181Z [WARNING]: ⚠ metadataBase property in metadata export is not set for resolving social open graph or twitter images, using "http://localhost:3000". See https://nextjs.org/docs/app/api-reference/functions/generate-metadata#metadatabase
2026-01-18T12:17:23.181Z [WARNING]: ⚠ metadataBase property in metadata export is not set for resolving social open graph or twitter images, using "http://localhost:3000". See https://nextjs.org/docs/app/api-reference/functions/generate-metadata#metadatabase
2026-01-18T12:17:23.344Z [INFO]: Generating static pages (20/41)
2026-01-18T12:17:23.419Z [WARNING]: ⨯ useSearchParams() should be wrapped in a suspense boundary at page "/login". Read more: https://nextjs.org/docs/messages/missing-suspense-with-csr-bailout
                                    at a (/codebuild/output/src1782165569/src/lira-repo/.next/server/chunks/5840.js:1:13802)
                                    at c (/codebuild/output/src1782165569/src/lira-repo/.next/server/chunks/5840.js:1:24785)
                                    at c (/codebuild/output/src1782165569/src/lira-repo/.next/server/app/login/page.js:1:4756)
                                    at nj (/codebuild/output/src1782165569/src/lira-repo/node_modules/next/dist/compiled/next-server/app-page.runtime.prod.js:12:46252)
                                    at nM (/codebuild/output/src1782165569/src/lira-repo/node_modules/next/dist/compiled/next-server/app-page.runtime.prod.js:12:47572)
                                    at nM (/codebuild/output/src1782165569/src/lira-repo/node_modules/next/dist/compiled/next-server/app-page.runtime.prod.js:12:61547)
                                    at nN (/codebuild/output/src1782165569/src/lira-repo/node_modules/next/dist/compiled/next-server/app-page.runtime.prod.js:12:64547)
                                    at nB (/codebuild/output/src1782165569/src/lira-repo/node_modules/next/dist/compiled/next-server/app-page.runtime.prod.js:12:67539)
                                    at nD (/codebuild/output/src1782165569/src/lira-repo/node_modules/next/dist/compiled/next-server/app-page.runtime.prod.js:12:66681)
                                    at nN (/codebuild/output/src1782165569/src/lira-repo/node_modules/next/dist/compiled/next-server/app-page.runtime.prod.js:12:64854)
                                    Error occurred prerendering page "/login". Read more: https://nextjs.org/docs/messages/prerender-error
2026-01-18T12:17:23.535Z [INFO]: Generating static pages (30/41)
2026-01-18T12:17:23.770Z [WARNING]: ⨯ useSearchParams() should be wrapped in a suspense boundary at page "/register". Read more: https://nextjs.org/docs/messages/missing-suspense-with-csr-bailout
                                    at a (/codebuild/output/src1782165569/src/lira-repo/.next/server/chunks/5840.js:1:13802)
                                    at c (/codebuild/output/src1782165569/src/lira-repo/.next/server/chunks/5840.js:1:24785)
                                    at o (/codebuild/output/src1782165569/src/lira-repo/.next/server/app/register/page.js:1:7267)
                                    at nj (/codebuild/output/src1782165569/src/lira-repo/node_modules/next/dist/compiled/next-server/app-page.runtime.prod.js:12:46252)
                                    at nM (/codebuild/output/src1782165569/src/lira-repo/node_modules/next/dist/compiled/next-server/app-page.runtime.prod.js:12:47572)
                                    at nM (/codebuild/output/src1782165569/src/lira-repo/node_modules/next/dist/compiled/next-server/app-page.runtime.prod.js:12:61547)
                                    at nN (/codebuild/output/src1782165569/src/lira-repo/node_modules/next/dist/compiled/next-server/app-page.runtime.prod.js:12:64547)
                                    at nB (/codebuild/output/src1782165569/src/lira-repo/node_modules/next/dist/compiled/next-server/app-page.runtime.prod.js:12:67539)
                                    at nM (/codebuild/output/src1782165569/src/lira-repo/node_modules/next/dist/compiled/next-server/app-page.runtime.prod.js:12:58561)
                                    at nN (/codebuild/output/src1782165569/src/lira-repo/node_modules/next/dist/compiled/next-server/app-page.runtime.prod.js:12:64547)
                                    Error occurred prerendering page "/register". Read more: https://nextjs.org/docs/messages/prerender-error
2026-01-18T12:17:24.121Z [INFO]: ✓ Generating static pages (41/41)
2026-01-18T12:17:24.136Z [WARNING]: 
2026-01-18T12:17:24.137Z [WARNING]: > Export encountered errors on following paths:
                                    /login/page: /login
                                    /register/page: /register
2026-01-18T12:17:24.209Z [ERROR]: !!! Build failed
2026-01-18T12:17:24.209Z [INFO]: Please read more about Amplify Hosting's support for SSR frameworks to find if your build failure is related to an unsupported feature: https://docs.aws.amazon.com/amplify/latest/userguide/amplify-ssr-framework-support.html. You may also find this troubleshooting guide useful: https://docs.aws.amazon.com/amplify/latest/userguide/troubleshooting-ssr-deployment.html
2026-01-18T12:17:24.209Z [ERROR]: !!! Error: Command failed with exit code 1
2026-01-18T12:17:24.209Z [INFO]: # Starting environment caching...
2026-01-18T12:17:24.209Z [INFO]: # Environment caching completed

